android/customer/build/intermediates/manifest_merge_blame_file/debug/processDebugMainManifest/manifest-merger-blame-debug-report.txt
1<?xml version="1.0" encoding="utf-8"?>
2<manifest xmlns:android="http://schemas.android.com/apk/res/android"
3    package="com.bazarlink.customer"
4    android:versionCode="1"
5    android:versionName="1.0.0" >
6
7    <uses-sdk
8        android:minSdkVersion="26"
9        android:targetSdkVersion="35" />
10
11    <uses-permission android:name="android.permission.INTERNET" />
11-->src\main\AndroidManifest.xml:2:5-67
11-->src\main\AndroidManifest.xml:2:22-64
12    <uses-permission android:name="android.permission.ACCESS_FINE_LOCATION" />
12-->src\main\AndroidManifest.xml:3:5-79
12-->src\main\AndroidManifest.xml:3:22-76
13    <uses-permission android:name="android.permission.ACCESS_COARSE_LOCATION" />
13-->src\main\AndroidManifest.xml:4:5-81
13-->src\main\AndroidManifest.xml:4:22-78
14    <uses-permission android:name="android.permission.CAMERA" />
14-->[:shared] AndroidManifest.xml:8:5-65
14-->[:shared] AndroidManifest.xml:8:22-62
15
16    <uses-feature
16-->[:shared] AndroidManifest.xml:10:5-12:36
17        android:name="android.hardware.camera"
17-->[:shared] AndroidManifest.xml:11:9-47
18        android:required="false" />
18-->[:shared] AndroidManifest.xml:12:9-33
19
20    <uses-permission android:name="android.permission.ACCESS_NETWORK_STATE" />
20-->[com.google.firebase:firebase-auth:24.1.0] AndroidManifest.xml:26:5-79
20-->[com.google.firebase:firebase-auth:24.1.0] AndroidManifest.xml:26:22-76
21    <uses-permission android:name="android.permission.POST_NOTIFICATIONS" />
21-->[com.google.firebase:firebase-messaging:25.0.2] AndroidManifest.xml:23:5-77
21-->[com.google.firebase:firebase-messaging:25.0.2] AndroidManifest.xml:23:22-74
22    <uses-permission android:name="android.permission.WAKE_LOCK" /> <!-- Required by older versions of Google Play services to create IID tokens -->
22-->[com.google.firebase:firebase-messaging:25.0.2] AndroidManifest.xml:24:5-68
22-->[com.google.firebase:firebase-messaging:25.0.2] AndroidManifest.xml:24:22-65
23    <uses-permission android:name="com.google.android.c2dm.permission.RECEIVE" />
23-->[com.google.firebase:firebase-messaging:25.0.2] AndroidManifest.xml:26:5-82
23-->[com.google.firebase:firebase-messaging:25.0.2] AndroidManifest.xml:26:22-79
24    <uses-permission android:name="com.google.android.gms.permission.AD_ID" />
24-->[com.google.android.gms:play-services-measurement-api:23.2.0] AndroidManifest.xml:25:5-79
24-->[com.google.android.gms:play-services-measurement-api:23.2.0] AndroidManifest.xml:25:22-76
25    <uses-permission android:name="android.permission.ACCESS_ADSERVICES_ATTRIBUTION" />
25-->[com.google.android.gms:play-services-measurement-api:23.2.0] AndroidManifest.xml:26:5-88
25-->[com.google.android.gms:play-services-measurement-api:23.2.0] AndroidManifest.xml:26:22-85
26    <uses-permission android:name="android.permission.ACCESS_ADSERVICES_AD_ID" />
26-->[com.google.android.gms:play-services-measurement-api:23.2.0] AndroidManifest.xml:27:5-82
26-->[com.google.android.gms:play-services-measurement-api:23.2.0] AndroidManifest.xml:27:22-79
27
28    <uses-feature
28-->[com.google.android.gms:play-services-maps:19.0.0] AndroidManifest.xml:26:5-28:35
29        android:glEsVersion="0x00020000"
29-->[com.google.android.gms:play-services-maps:19.0.0] AndroidManifest.xml:27:9-41
30        android:required="true" />
30-->[com.google.android.gms:play-services-maps:19.0.0] AndroidManifest.xml:28:9-32
31
32    <queries>
32-->[com.google.android.gms:play-services-maps:19.0.0] AndroidManifest.xml:30:5-34:15
33
34        <!-- Needs to be explicitly declared on Android R+ -->
35        <package android:name="com.google.android.apps.maps" />
35-->[com.google.android.gms:play-services-maps:19.0.0] AndroidManifest.xml:33:9-64
35-->[com.google.android.gms:play-services-maps:19.0.0] AndroidManifest.xml:33:18-61
36    </queries>
37
38    <uses-permission android:name="com.google.android.finsky.permission.BIND_GET_INSTALL_REFERRER_SERVICE" />
38-->[com.google.android.gms:play-services-measurement:23.2.0] AndroidManifest.xml:26:5-110
38-->[com.google.android.gms:play-services-measurement:23.2.0] AndroidManifest.xml:26:22-107
39    <uses-permission android:name="com.google.android.providers.gsf.permission.READ_GSERVICES" />
39-->[com.google.android.recaptcha:recaptcha:18.6.1] AndroidManifest.xml:9:5-98
39-->[com.google.android.recaptcha:recaptcha:18.6.1] AndroidManifest.xml:9:22-95
40
41    <permission
41-->[androidx.core:core:1.13.0] AndroidManifest.xml:22:5-24:47
42        android:name="com.bazarlink.customer.DYNAMIC_RECEIVER_NOT_EXPORTED_PERMISSION"
42-->[androidx.core:core:1.13.0] AndroidManifest.xml:23:9-81
43        android:protectionLevel="signature" />
43-->[androidx.core:core:1.13.0] AndroidManifest.xml:24:9-44
44
45    <uses-permission android:name="com.bazarlink.customer.DYNAMIC_RECEIVER_NOT_EXPORTED_PERMISSION" />
45-->[androidx.core:core:1.13.0] AndroidManifest.xml:26:5-97
45-->[androidx.core:core:1.13.0] AndroidManifest.xml:26:22-94
46
47    <application
47-->src\main\AndroidManifest.xml:5:5-17:19
48        android:appComponentFactory="androidx.core.app.CoreComponentFactory"
48-->[androidx.core:core:1.13.0] AndroidManifest.xml:28:18-86
49        android:debuggable="true"
50        android:extractNativeLibs="false"
51        android:label="BazarLink"
51-->src\main\AndroidManifest.xml:5:57-82
52        android:theme="@style/Theme.BazarLink" >
52-->src\main\AndroidManifest.xml:5:18-56
53        <activity
53-->src\main\AndroidManifest.xml:6:9-11:20
54            android:name="com.bazarlink.customer.MainActivity"
54-->src\main\AndroidManifest.xml:6:19-47
55            android:exported="true" >
55-->src\main\AndroidManifest.xml:6:48-71
56            <intent-filter>
56-->src\main\AndroidManifest.xml:7:13-10:29
57                <action android:name="android.intent.action.MAIN" />
57-->src\main\AndroidManifest.xml:8:17-69
57-->src\main\AndroidManifest.xml:8:25-66
58
59                <category android:name="android.intent.category.LAUNCHER" />
59-->src\main\AndroidManifest.xml:9:17-77
59-->src\main\AndroidManifest.xml:9:27-74
60            </intent-filter>
61        </activity>
62
63        <service
63-->src\main\AndroidManifest.xml:12:9-16:19
64            android:name="com.bazarlink.shared.notifications.BazarMessagingService"
64-->src\main\AndroidManifest.xml:12:18-89
65            android:exported="false" >
65-->src\main\AndroidManifest.xml:12:90-114
66            <intent-filter>
66-->src\main\AndroidManifest.xml:13:13-15:29
67                <action android:name="com.google.firebase.MESSAGING_EVENT" />
67-->src\main\AndroidManifest.xml:14:17-78
67-->src\main\AndroidManifest.xml:14:25-75
68            </intent-filter>
69        </service>
70
71        <activity
71-->[com.google.firebase:firebase-auth:24.1.0] AndroidManifest.xml:29:9-46:20
72            android:name="com.google.firebase.auth.internal.GenericIdpActivity"
72-->[com.google.firebase:firebase-auth:24.1.0] AndroidManifest.xml:30:13-80
73            android:excludeFromRecents="true"
73-->[com.google.firebase:firebase-auth:24.1.0] AndroidManifest.xml:31:13-46
74            android:exported="true"
74-->[com.google.firebase:firebase-auth:24.1.0] AndroidManifest.xml:32:13-36
75            android:launchMode="singleTask"
75-->[com.google.firebase:firebase-auth:24.1.0] AndroidManifest.xml:33:13-44
76            android:theme="@android:style/Theme.Translucent.NoTitleBar" >
76-->[com.google.firebase:firebase-auth:24.1.0] AndroidManifest.xml:34:13-72
77            <intent-filter>
77-->[com.google.firebase:firebase-auth:24.1.0] AndroidManifest.xml:35:13-45:29
78                <action android:name="android.intent.action.VIEW" />
78-->[com.google.firebase:firebase-auth:24.1.0] AndroidManifest.xml:36:17-69
78-->[com.google.firebase:firebase-auth:24.1.0] AndroidManifest.xml:36:25-66
79
80                <category android:name="android.intent.category.DEFAULT" />
80-->[com.google.firebase:firebase-auth:24.1.0] AndroidManifest.xml:38:17-76
80-->[com.google.firebase:firebase-auth:24.1.0] AndroidManifest.xml:38:27-73
81                <category android:name="android.intent.category.BROWSABLE" />
81-->[com.google.firebase:firebase-auth:24.1.0] AndroidManifest.xml:39:17-78
81-->[com.google.firebase:firebase-auth:24.1.0] AndroidManifest.xml:39:27-75
82
83                <data
83-->[com.google.firebase:firebase-auth:24.1.0] AndroidManifest.xml:41:17-44:51
84                    android:host="firebase.auth"
84-->[com.google.firebase:firebase-auth:24.1.0] AndroidManifest.xml:42:21-49
85                    android:path="/"
85-->[com.google.firebase:firebase-auth:24.1.0] AndroidManifest.xml:43:21-37
86                    android:scheme="genericidp" />
86-->[com.google.firebase:firebase-auth:24.1.0] AndroidManifest.xml:44:21-48
87            </intent-filter>
88        </activity>
89        <activity
89-->[com.google.firebase:firebase-auth:24.1.0] AndroidManifest.xml:47:9-64:20
90            android:name="com.google.firebase.auth.internal.RecaptchaActivity"
90-->[com.google.firebase:firebase-auth:24.1.0] AndroidManifest.xml:48:13-79
91            android:excludeFromRecents="true"
91-->[com.google.firebase:firebase-auth:24.1.0] AndroidManifest.xml:49:13-46
92            android:exported="true"
92-->[com.google.firebase:firebase-auth:24.1.0] AndroidManifest.xml:50:13-36
93            android:launchMode="singleTask"
93-->[com.google.firebase:firebase-auth:24.1.0] AndroidManifest.xml:51:13-44
94            android:theme="@android:style/Theme.Translucent.NoTitleBar" >
94-->[com.google.firebase:firebase-auth:24.1.0] AndroidManifest.xml:52:13-72
95            <intent-filter>
95-->[com.google.firebase:firebase-auth:24.1.0] AndroidManifest.xml:53:13-63:29
96                <action android:name="android.intent.action.VIEW" />
96-->[com.google.firebase:firebase-auth:24.1.0] AndroidManifest.xml:36:17-69
96-->[com.google.firebase:firebase-auth:24.1.0] AndroidManifest.xml:36:25-66
97
98                <category android:name="android.intent.category.DEFAULT" />
98-->[com.google.firebase:firebase-auth:24.1.0] AndroidManifest.xml:38:17-76
98-->[com.google.firebase:firebase-auth:24.1.0] AndroidManifest.xml:38:27-73
99                <category android:name="android.intent.category.BROWSABLE" />
99-->[com.google.firebase:firebase-auth:24.1.0] AndroidManifest.xml:39:17-78
99-->[com.google.firebase:firebase-auth:24.1.0] AndroidManifest.xml:39:27-75
100
101                <data
101-->[com.google.firebase:firebase-auth:24.1.0] AndroidManifest.xml:41:17-44:51
102                    android:host="firebase.auth"
102-->[com.google.firebase:firebase-auth:24.1.0] AndroidManifest.xml:42:21-49
103                    android:path="/"
103-->[com.google.firebase:firebase-auth:24.1.0] AndroidManifest.xml:43:21-37
104                    android:scheme="recaptcha" />
104-->[com.google.firebase:firebase-auth:24.1.0] AndroidManifest.xml:44:21-48
105            </intent-filter>
106        </activity>
107
108        <service
108-->[com.google.firebase:firebase-auth:24.1.0] AndroidManifest.xml:66:9-72:19
109            android:name="com.google.firebase.components.ComponentDiscoveryService"
109-->[com.google.firebase:firebase-auth:24.1.0] AndroidManifest.xml:67:13-84
110            android:directBootAware="true"
110-->[com.google.firebase:firebase-common:22.0.1] AndroidManifest.xml:32:13-43
111            android:exported="false" >
111-->[com.google.firebase:firebase-auth:24.1.0] AndroidManifest.xml:68:13-37
112            <meta-data
112-->[com.google.firebase:firebase-auth:24.1.0] AndroidManifest.xml:69:13-71:85
113                android:name="com.google.firebase.components:com.google.firebase.auth.FirebaseAuthRegistrar"
113-->[com.google.firebase:firebase-auth:24.1.0] AndroidManifest.xml:70:17-109
114                android:value="com.google.firebase.components.ComponentRegistrar" />
114-->[com.google.firebase:firebase-auth:24.1.0] AndroidManifest.xml:71:17-82
115            <meta-data
115-->[com.google.firebase:firebase-messaging:25.0.2] AndroidManifest.xml:57:13-59:85
116                android:name="com.google.firebase.components:com.google.firebase.messaging.FirebaseMessagingKtxRegistrar"
116-->[com.google.firebase:firebase-messaging:25.0.2] AndroidManifest.xml:58:17-122
117                android:value="com.google.firebase.components.ComponentRegistrar" />
117-->[com.google.firebase:firebase-messaging:25.0.2] AndroidManifest.xml:59:17-82
118            <meta-data
118-->[com.google.firebase:firebase-messaging:25.0.2] AndroidManifest.xml:60:13-62:85
119                android:name="com.google.firebase.components:com.google.firebase.messaging.FirebaseMessagingRegistrar"
119-->[com.google.firebase:firebase-messaging:25.0.2] AndroidManifest.xml:61:17-119
120                android:value="com.google.firebase.components.ComponentRegistrar" />
120-->[com.google.firebase:firebase-messaging:25.0.2] AndroidManifest.xml:62:17-82
121            <meta-data
121-->[com.google.android.gms:play-services-measurement-api:23.2.0] AndroidManifest.xml:33:13-35:85
122                android:name="com.google.firebase.components:com.google.firebase.analytics.connector.internal.AnalyticsConnectorRegistrar"
122-->[com.google.android.gms:play-services-measurement-api:23.2.0] AndroidManifest.xml:34:17-139
123                android:value="com.google.firebase.components.ComponentRegistrar" />
123-->[com.google.android.gms:play-services-measurement-api:23.2.0] AndroidManifest.xml:35:17-82
124            <meta-data
124-->[com.google.firebase:firebase-installations:19.1.0] AndroidManifest.xml:15:13-17:85
125                android:name="com.google.firebase.components:com.google.firebase.installations.FirebaseInstallationsKtxRegistrar"
125-->[com.google.firebase:firebase-installations:19.1.0] AndroidManifest.xml:16:17-130
126                android:value="com.google.firebase.components.ComponentRegistrar" />
126-->[com.google.firebase:firebase-installations:19.1.0] AndroidManifest.xml:17:17-82
127            <meta-data
127-->[com.google.firebase:firebase-installations:19.1.0] AndroidManifest.xml:18:13-20:85
128                android:name="com.google.firebase.components:com.google.firebase.installations.FirebaseInstallationsRegistrar"
128-->[com.google.firebase:firebase-installations:19.1.0] AndroidManifest.xml:19:17-127
129                android:value="com.google.firebase.components.ComponentRegistrar" />
129-->[com.google.firebase:firebase-installations:19.1.0] AndroidManifest.xml:20:17-82
130            <meta-data
130-->[com.google.firebase:firebase-common:22.0.1] AndroidManifest.xml:35:13-37:85
131                android:name="com.google.firebase.components:com.google.firebase.FirebaseCommonKtxRegistrar"
131-->[com.google.firebase:firebase-common:22.0.1] AndroidManifest.xml:36:17-109
132                android:value="com.google.firebase.components.ComponentRegistrar" />
132-->[com.google.firebase:firebase-common:22.0.1] AndroidManifest.xml:37:17-82
133            <meta-data
133-->[com.google.firebase:firebase-datatransport:18.2.0] AndroidManifest.xml:25:13-27:85
134                android:name="com.google.firebase.components:com.google.firebase.datatransport.TransportRegistrar"
134-->[com.google.firebase:firebase-datatransport:18.2.0] AndroidManifest.xml:26:17-115
135                android:value="com.google.firebase.components.ComponentRegistrar" />
135-->[com.google.firebase:firebase-datatransport:18.2.0] AndroidManifest.xml:27:17-82
136        </service>
137
138        <receiver
138-->[com.google.firebase:firebase-messaging:25.0.2] AndroidManifest.xml:29:9-40:20
139            android:name="com.google.firebase.iid.FirebaseInstanceIdReceiver"
139-->[com.google.firebase:firebase-messaging:25.0.2] AndroidManifest.xml:30:13-78
140            android:exported="true"
140-->[com.google.firebase:firebase-messaging:25.0.2] AndroidManifest.xml:31:13-36
141            android:permission="com.google.android.c2dm.permission.SEND" >
141-->[com.google.firebase:firebase-messaging:25.0.2] AndroidManifest.xml:32:13-73
142            <intent-filter>
142-->[com.google.firebase:firebase-messaging:25.0.2] AndroidManifest.xml:33:13-35:29
143                <action android:name="com.google.android.c2dm.intent.RECEIVE" />
143-->[com.google.firebase:firebase-messaging:25.0.2] AndroidManifest.xml:34:17-81
143-->[com.google.firebase:firebase-messaging:25.0.2] AndroidManifest.xml:34:25-78
144            </intent-filter>
145
146            <meta-data
146-->[com.google.firebase:firebase-messaging:25.0.2] AndroidManifest.xml:37:13-39:40
147                android:name="com.google.android.gms.cloudmessaging.FINISHED_AFTER_HANDLED"
147-->[com.google.firebase:firebase-messaging:25.0.2] AndroidManifest.xml:38:17-92
148                android:value="true" />
148-->[com.google.firebase:firebase-messaging:25.0.2] AndroidManifest.xml:39:17-37
149        </receiver>
150        <!--
151             FirebaseMessagingService performs security checks at runtime,
152             but set to not exported to explicitly avoid allowing another app to call it.
153        -->
154        <service
154-->[com.google.firebase:firebase-messaging:25.0.2] AndroidManifest.xml:46:9-53:19
155            android:name="com.google.firebase.messaging.FirebaseMessagingService"
155-->[com.google.firebase:firebase-messaging:25.0.2] AndroidManifest.xml:47:13-82
156            android:directBootAware="true"
156-->[com.google.firebase:firebase-messaging:25.0.2] AndroidManifest.xml:48:13-43
157            android:exported="false" >
157-->[com.google.firebase:firebase-messaging:25.0.2] AndroidManifest.xml:49:13-37
158            <intent-filter android:priority="-500" >
158-->src\main\AndroidManifest.xml:13:13-15:29
159                <action android:name="com.google.firebase.MESSAGING_EVENT" />
159-->src\main\AndroidManifest.xml:14:17-78
159-->src\main\AndroidManifest.xml:14:25-75
160            </intent-filter>
161        </service>
162
163        <provider
163-->[com.google.firebase:firebase-common:22.0.1] AndroidManifest.xml:23:9-28:39
164            android:name="com.google.firebase.provider.FirebaseInitProvider"
164-->[com.google.firebase:firebase-common:22.0.1] AndroidManifest.xml:24:13-77
165            android:authorities="com.bazarlink.customer.firebaseinitprovider"
165-->[com.google.firebase:firebase-common:22.0.1] AndroidManifest.xml:25:13-72
166            android:directBootAware="true"
166-->[com.google.firebase:firebase-common:22.0.1] AndroidManifest.xml:26:13-43
167            android:exported="false"
167-->[com.google.firebase:firebase-common:22.0.1] AndroidManifest.xml:27:13-37
168            android:initOrder="100" />
168-->[com.google.firebase:firebase-common:22.0.1] AndroidManifest.xml:28:13-36
169
170        <service
170-->[com.google.android.gms:play-services-mlkit-barcode-scanning:18.3.1] AndroidManifest.xml:9:9-15:19
171            android:name="com.google.mlkit.common.internal.MlKitComponentDiscoveryService"
171-->[com.google.android.gms:play-services-mlkit-barcode-scanning:18.3.1] AndroidManifest.xml:10:13-91
172            android:directBootAware="true"
172-->[com.google.mlkit:common:18.11.0] AndroidManifest.xml:17:13-43
173            android:exported="false" >
173-->[com.google.android.gms:play-services-mlkit-barcode-scanning:18.3.1] AndroidManifest.xml:11:13-37
174            <meta-data
174-->[com.google.android.gms:play-services-mlkit-barcode-scanning:18.3.1] AndroidManifest.xml:12:13-14:85
175                android:name="com.google.firebase.components:com.google.mlkit.vision.barcode.internal.BarcodeRegistrar"
175-->[com.google.android.gms:play-services-mlkit-barcode-scanning:18.3.1] AndroidManifest.xml:13:17-120
176                android:value="com.google.firebase.components.ComponentRegistrar" />
176-->[com.google.android.gms:play-services-mlkit-barcode-scanning:18.3.1] AndroidManifest.xml:14:17-82
177            <meta-data
177-->[com.google.android.gms:play-services-mlkit-text-recognition-common:19.1.0] AndroidManifest.xml:12:13-14:85
178                android:name="com.google.firebase.components:com.google.mlkit.vision.text.internal.TextRegistrar"
178-->[com.google.android.gms:play-services-mlkit-text-recognition-common:19.1.0] AndroidManifest.xml:13:17-114
179                android:value="com.google.firebase.components.ComponentRegistrar" />
179-->[com.google.android.gms:play-services-mlkit-text-recognition-common:19.1.0] AndroidManifest.xml:14:17-82
180            <meta-data
180-->[com.google.mlkit:vision-common:17.3.0] AndroidManifest.xml:12:13-14:85
181                android:name="com.google.firebase.components:com.google.mlkit.vision.common.internal.VisionCommonRegistrar"
181-->[com.google.mlkit:vision-common:17.3.0] AndroidManifest.xml:13:17-124
182                android:value="com.google.firebase.components.ComponentRegistrar" />
182-->[com.google.mlkit:vision-common:17.3.0] AndroidManifest.xml:14:17-82
183            <meta-data
183-->[com.google.mlkit:common:18.11.0] AndroidManifest.xml:20:13-22:85
184                android:name="com.google.firebase.components:com.google.mlkit.common.internal.CommonComponentRegistrar"
184-->[com.google.mlkit:common:18.11.0] AndroidManifest.xml:21:17-120
185                android:value="com.google.firebase.components.ComponentRegistrar" />
185-->[com.google.mlkit:common:18.11.0] AndroidManifest.xml:22:17-82
186        </service>
187
188        <provider
188-->[com.google.mlkit:common:18.11.0] AndroidManifest.xml:9:9-13:38
189            android:name="com.google.mlkit.common.internal.MlKitInitProvider"
189-->[com.google.mlkit:common:18.11.0] AndroidManifest.xml:10:13-78
190            android:authorities="com.bazarlink.customer.mlkitinitprovider"
190-->[com.google.mlkit:common:18.11.0] AndroidManifest.xml:11:13-69
191            android:exported="false"
191-->[com.google.mlkit:common:18.11.0] AndroidManifest.xml:12:13-37
192            android:initOrder="99" />
192-->[com.google.mlkit:common:18.11.0] AndroidManifest.xml:13:13-35
193
194        <service
194-->[com.google.android.datatransport:transport-backend-cct:3.1.9] AndroidManifest.xml:28:9-34:19
195            android:name="com.google.android.datatransport.runtime.backends.TransportBackendDiscovery"
195-->[com.google.android.datatransport:transport-backend-cct:3.1.9] AndroidManifest.xml:29:13-103
196            android:exported="false" >
196-->[com.google.android.datatransport:transport-backend-cct:3.1.9] AndroidManifest.xml:30:13-37
197            <meta-data
197-->[com.google.android.datatransport:transport-backend-cct:3.1.9] AndroidManifest.xml:31:13-33:39
198                android:name="backend:com.google.android.datatransport.cct.CctBackendFactory"
198-->[com.google.android.datatransport:transport-backend-cct:3.1.9] AndroidManifest.xml:32:17-94
199                android:value="cct" />
199-->[com.google.android.datatransport:transport-backend-cct:3.1.9] AndroidManifest.xml:33:17-36
200        </service>
201        <service
201-->[com.google.android.datatransport:transport-runtime:3.1.9] AndroidManifest.xml:26:9-30:19
202            android:name="com.google.android.datatransport.runtime.scheduling.jobscheduling.JobInfoSchedulerService"
202-->[com.google.android.datatransport:transport-runtime:3.1.9] AndroidManifest.xml:27:13-117
203            android:exported="false"
203-->[com.google.android.datatransport:transport-runtime:3.1.9] AndroidManifest.xml:28:13-37
204            android:permission="android.permission.BIND_JOB_SERVICE" >
204-->[com.google.android.datatransport:transport-runtime:3.1.9] AndroidManifest.xml:29:13-69
205        </service>
206
207        <receiver
207-->[com.google.android.datatransport:transport-runtime:3.1.9] AndroidManifest.xml:32:9-34:40
208            android:name="com.google.android.datatransport.runtime.scheduling.jobscheduling.AlarmManagerSchedulerBroadcastReceiver"
208-->[com.google.android.datatransport:transport-runtime:3.1.9] AndroidManifest.xml:33:13-132
209            android:exported="false" />
209-->[com.google.android.datatransport:transport-runtime:3.1.9] AndroidManifest.xml:34:13-37
210        <!--
211        Service for holding metadata. Cannot be instantiated.
212        Metadata will be merged from other manifests.
213        -->
214        <service
214-->[androidx.camera:camera-core:1.4.1] AndroidManifest.xml:29:9-33:78
215            android:name="androidx.camera.core.impl.MetadataHolderService"
215-->[androidx.camera:camera-core:1.4.1] AndroidManifest.xml:30:13-75
216            android:enabled="false"
216-->[androidx.camera:camera-core:1.4.1] AndroidManifest.xml:31:13-36
217            android:exported="false" >
217-->[androidx.camera:camera-core:1.4.1] AndroidManifest.xml:32:13-37
218            <meta-data
218-->[androidx.camera:camera-camera2:1.4.1] AndroidManifest.xml:30:13-32:89
219                android:name="androidx.camera.core.impl.MetadataHolderService.DEFAULT_CONFIG_PROVIDER"
219-->[androidx.camera:camera-camera2:1.4.1] AndroidManifest.xml:31:17-103
220                android:value="androidx.camera.camera2.Camera2Config$DefaultProvider" />
220-->[androidx.camera:camera-camera2:1.4.1] AndroidManifest.xml:32:17-86
221        </service>
222        <service
222-->[androidx.room:room-runtime:2.6.1] AndroidManifest.xml:24:9-28:63
223            android:name="androidx.room.MultiInstanceInvalidationService"
223-->[androidx.room:room-runtime:2.6.1] AndroidManifest.xml:25:13-74
224            android:directBootAware="true"
224-->[androidx.room:room-runtime:2.6.1] AndroidManifest.xml:26:13-43
225            android:exported="false" />
225-->[androidx.room:room-runtime:2.6.1] AndroidManifest.xml:27:13-37
226        <service
226-->[androidx.credentials:credentials-play-services-auth:1.2.0-rc01] AndroidManifest.xml:24:9-32:19
227            android:name="androidx.credentials.playservices.CredentialProviderMetadataHolder"
227-->[androidx.credentials:credentials-play-services-auth:1.2.0-rc01] AndroidManifest.xml:25:13-94
228            android:enabled="true"
228-->[androidx.credentials:credentials-play-services-auth:1.2.0-rc01] AndroidManifest.xml:26:13-35
229            android:exported="false" >
229-->[androidx.credentials:credentials-play-services-auth:1.2.0-rc01] AndroidManifest.xml:27:13-37
230            <meta-data
230-->[androidx.credentials:credentials-play-services-auth:1.2.0-rc01] AndroidManifest.xml:29:13-31:104
231                android:name="androidx.credentials.CREDENTIAL_PROVIDER_KEY"
231-->[androidx.credentials:credentials-play-services-auth:1.2.0-rc01] AndroidManifest.xml:30:17-76
232                android:value="androidx.credentials.playservices.CredentialProviderPlayServicesImpl" />
232-->[androidx.credentials:credentials-play-services-auth:1.2.0-rc01] AndroidManifest.xml:31:17-101
233        </service>
234
235        <activity
235-->[androidx.credentials:credentials-play-services-auth:1.2.0-rc01] AndroidManifest.xml:34:9-41:20
236            android:name="androidx.credentials.playservices.HiddenActivity"
236-->[androidx.credentials:credentials-play-services-auth:1.2.0-rc01] AndroidManifest.xml:35:13-76
237            android:configChanges="orientation|screenSize|screenLayout|keyboardHidden"
237-->[androidx.credentials:credentials-play-services-auth:1.2.0-rc01] AndroidManifest.xml:36:13-87
238            android:enabled="true"
238-->[androidx.credentials:credentials-play-services-auth:1.2.0-rc01] AndroidManifest.xml:37:13-35
239            android:exported="false"
239-->[androidx.credentials:credentials-play-services-auth:1.2.0-rc01] AndroidManifest.xml:38:13-37
240            android:fitsSystemWindows="true"
240-->[androidx.credentials:credentials-play-services-auth:1.2.0-rc01] AndroidManifest.xml:39:13-45
241            android:theme="@style/Theme.Hidden" >
241-->[androidx.credentials:credentials-play-services-auth:1.2.0-rc01] AndroidManifest.xml:40:13-48
242        </activity>
243        <activity
243-->[com.google.android.gms:play-services-auth:21.3.0] AndroidManifest.xml:23:9-27:75
244            android:name="com.google.android.gms.auth.api.signin.internal.SignInHubActivity"
244-->[com.google.android.gms:play-services-auth:21.3.0] AndroidManifest.xml:24:13-93
245            android:excludeFromRecents="true"
245-->[com.google.android.gms:play-services-auth:21.3.0] AndroidManifest.xml:25:13-46
246            android:exported="false"
246-->[com.google.android.gms:play-services-auth:21.3.0] AndroidManifest.xml:26:13-37
247            android:theme="@android:style/Theme.Translucent.NoTitleBar" />
247-->[com.google.android.gms:play-services-auth:21.3.0] AndroidManifest.xml:27:13-72
248        <!--
249            Service handling Google Sign-In user revocation. For apps that do not integrate with
250            Google Sign-In, this service will never be started.
251        -->
252        <service
252-->[com.google.android.gms:play-services-auth:21.3.0] AndroidManifest.xml:33:9-37:51
253            android:name="com.google.android.gms.auth.api.signin.RevocationBoundService"
253-->[com.google.android.gms:play-services-auth:21.3.0] AndroidManifest.xml:34:13-89
254            android:exported="true"
254-->[com.google.android.gms:play-services-auth:21.3.0] AndroidManifest.xml:35:13-36
255            android:permission="com.google.android.gms.auth.api.signin.permission.REVOCATION_NOTIFICATION"
255-->[com.google.android.gms:play-services-auth:21.3.0] AndroidManifest.xml:36:13-107
256            android:visibleToInstantApps="true" /> <!-- Needs to be explicitly declared on P+ -->
256-->[com.google.android.gms:play-services-auth:21.3.0] AndroidManifest.xml:37:13-48
257        <uses-library
257-->[com.google.android.gms:play-services-maps:19.0.0] AndroidManifest.xml:39:9-41:40
258            android:name="org.apache.http.legacy"
258-->[com.google.android.gms:play-services-maps:19.0.0] AndroidManifest.xml:40:13-50
259            android:required="false" />
259-->[com.google.android.gms:play-services-maps:19.0.0] AndroidManifest.xml:41:13-37
260
261        <receiver